<?xml version="1.0" encoding="UTF-8"?>
<testsuite xmlns:xsi="http://www.w3.org/2001/XMLSchema-instance" xsi:noNamespaceSchemaLocation="https://maven.apache.org/surefire/maven-surefire-plugin/xsd/surefire-test-report-3.0.xsd" version="3.0" name="com.example.stt.controller.TranscriptionControllerTest" time="5.506" tests="2" errors="0" skipped="0" failures="0">
  <properties>
[...]
</properties>
  <testcase name="healthWorks" classname="com.example.stt.controller.TranscriptionControllerTest" time="0.181">
    <system-out><![CDATA[01:11:12.200 [main] INFO org.springframework.test.context.support.AnnotationConfigContextLoaderUtils -- Could not detect default configuration classes for test class [com.example.stt.controller.TranscriptionControllerTest]: TranscriptionControllerTest does not declare any static, non-private, non-final, nested classes annotated with @Configuration.
01:11:12.484 [main] INFO org.springframework.boot.test.context.SpringBootTestContextBootstrapper -- Found @SpringBootConfiguration com.example.stt.SttServiceApplication for test class com.example.stt.controller.TranscriptionControllerTest

  .   ____          _            __ _ _
 /\\ / ___'_ __ _ _(_)_ __  __ _ \ \ \ \
( ( )\___ | '_ | '_| | '_ \/ _` | \ \ \ \
 \\/  ___)| |_)| | | | | || (_| |  ) ) ) )
  '  |____| .__|_| |_|_| |_\__, | / / / /
 =========|_|==============|___/=/_/_/_/
 :: Spring Boot ::                (v3.1.6)

2025-10-03T01:11:13.212-04:00  INFO 20812 --- [           main] c.e.s.c.TranscriptionControllerTest      : Starting TranscriptionControllerTest using Java 25 with PID 20812 (started by krama in C:\Users\krama\speech-to-text)
2025-10-03T01:11:13.217-04:00  INFO 20812 --- [           main] c.e.s.c.TranscriptionControllerTest      : No active profile set, falling back to 1 default profile: "default"
2025-10-03T01:11:16.808-04:00  INFO 20812 --- [           main] o.s.b.t.m.w.SpringBootMockServletContext : Initializing Spring TestDispatcherServlet ''
2025-10-03T01:11:16.809-04:00  INFO 20812 --- [           main] o.s.t.web.servlet.TestDispatcherServlet  : Initializing Servlet ''
2025-10-03T01:11:16.814-04:00  INFO 20812 --- [           main] o.s.t.web.servlet.TestDispatcherServlet  : Completed initialization in 3 ms
2025-10-03T01:11:16.850-04:00  INFO 20812 --- [           main] c.e.s.c.TranscriptionControllerTest      : Started TranscriptionControllerTest in 4.229 seconds (process running for 6.304)
]]></system-out>
    <system-err><![CDATA[WARNING: A Java agent has been loaded dynamically (C:\Users\krama\.m2\repository\net\bytebuddy\byte-buddy-agent\1.14.10\byte-buddy-agent-1.14.10.jar)
WARNING: If a serviceability tool is in use, please run with -XX:+EnableDynamicAgentLoading to hide this warning
WARNING: If a serviceability tool is not in use, please run with -Djdk.instrument.traceUsage for more information
WARNING: Dynamic loading of agents will be disallowed by default in a future release
]]></system-err>
  </testcase>
  <testcase name="transcribeReturnsResult" classname="com.example.stt.controller.TranscriptionControllerTest" time="0.179">
    <system-out><![CDATA[Received file: test.wav
]]></system-out>
  </testcase>
</testsuite>